[Info] [2024-03-18 10:49:12 UTC (0)] Logger manager created.
[Info] [2024-03-18 10:49:12 UTC (0)] Create a window manager.
[Info] [2024-03-18 10:49:12 UTC (0)] Create a window of the class 'Pony Engine Game'.
[Info] [2024-03-18 10:49:12 UTC (0)] Window of the class 'Pony Engine Game' created.
[Info] [2024-03-18 10:49:12 UTC (0)] Window created.
[Info] [2024-03-18 10:49:12 UTC (0)] Window manager created.
[Info] [2024-03-18 10:49:12 UTC (0)] Create a service manager.
[Info] [2024-03-18 10:49:12 UTC (0)] Create services.
[Info] [2024-03-18 10:49:12 UTC (0)] Services created.
[Info] [2024-03-18 10:49:12 UTC (0)] Service manager created.
[Info] [2024-03-18 10:49:12 UTC (0)] Create a system manager.
[Info] [2024-03-18 10:49:12 UTC (0)] Create systems.
[Info] [2024-03-18 10:49:12 UTC (0)] Create 'PonyEngine::Input::InputSystem'.
[Info] [2024-03-18 10:49:12 UTC (0)] 'PonyEngine::Input::InputSystem' created.
[Info] [2024-03-18 10:49:12 UTC (0)] Systems created.
[Info] [2024-03-18 10:49:12 UTC (0)] System manager created.
[Info] [2024-03-18 10:49:12 UTC (0)] Show a window.
[Info] [2024-03-18 10:49:12 UTC (0)] Window shown.
[Info] [2024-03-18 10:49:12 UTC (0)] Begin a service manager.
[Info] [2024-03-18 10:49:12 UTC (0)] Begin services.
[Info] [2024-03-18 10:49:12 UTC (0)] Services begun.
[Info] [2024-03-18 10:49:12 UTC (0)] Service manager begun.
[Info] [2024-03-18 10:49:12 UTC (0)] Begin a system manager.
[Info] [2024-03-18 10:49:12 UTC (0)] Begin systems.
[Info] [2024-03-18 10:49:12 UTC (0)] Begin 'PonyEngine::Input::InputSystem'.
[Info] [2024-03-18 10:49:12 UTC (0)] Try to subscribe to keyboard messages.
[Info] [2024-03-18 10:49:12 UTC (0)] Subscribe to keyboard messages.
[Info] [2024-03-18 10:49:12 UTC (0)] Add a keyboard message observer 'PonyEngine::Input::InputSystem'.
[Info] [2024-03-18 10:49:12 UTC (0)] 'PonyEngine::Input::InputSystem' begun.
[Info] [2024-03-18 10:49:12 UTC (0)] Systems begun.
[Info] [2024-03-18 10:49:12 UTC (0)] System manager begun.
[Info] [2024-03-18 10:49:12 UTC (0)] Engine created.
[Info] [2024-03-18 10:49:12 UTC (0)] Create a game.
[Info] [2024-03-18 10:49:12 UTC (0)] Game created.
[Info] [2024-03-18 10:49:12 UTC (0)] Begin a game.
[Info] [2024-03-18 10:49:12 UTC (0)] Register inputs.
[Info] [2024-03-18 10:49:12 UTC (0)] Register an action. ExpectedMessage: '(KeyCode: Up, IsDown: true)', ID: '1'.
[Info] [2024-03-18 10:49:12 UTC (0)] Register an action. ExpectedMessage: '(KeyCode: Down, IsDown: true)', ID: '2'.
[Info] [2024-03-18 10:49:12 UTC (0)] Register an action. ExpectedMessage: '(KeyCode: Right, IsDown: true)', ID: '3'.
[Info] [2024-03-18 10:49:12 UTC (0)] Register an action. ExpectedMessage: '(KeyCode: Left, IsDown: true)', ID: '4'.
[Info] [2024-03-18 10:49:12 UTC (0)] Inputs registered.
[Info] [2024-03-18 10:49:12 UTC (0)] Game begun.
[Info] [2024-03-18 10:49:16 UTC (1693152)] Received a destroy command.
[Info] [2024-03-18 10:49:16 UTC (1693152)] Stop an engine with the exit code '0'.
[Info] [2024-03-18 10:49:16 UTC (1693153)] Try to stop an engine.
[Info] [2024-03-18 10:49:16 UTC (1693153)] Engine stopped.
[Info] [2024-03-18 10:49:16 UTC (1693153)] Stop a game.
[Info] [2024-03-18 10:49:16 UTC (1693153)] Unregister inputs.
[Info] [2024-03-18 10:49:16 UTC (1693153)] Unregister an action. ID: '1'.
[Info] [2024-03-18 10:49:16 UTC (1693153)] Unregister an action. ID: '2'.
[Info] [2024-03-18 10:49:16 UTC (1693153)] Unregister an action. ID: '3'.
[Info] [2024-03-18 10:49:16 UTC (1693153)] Unregister an action. ID: '4'.
[Info] [2024-03-18 10:49:16 UTC (1693153)] Inputs unregistered.
[Info] [2024-03-18 10:49:16 UTC (1693153)] Game stopped.
[Info] [2024-03-18 10:49:16 UTC (1693153)] Destroy a game.
[Info] [2024-03-18 10:49:16 UTC (1693153)] Game destroyed.
[Info] [2024-03-18 10:49:16 UTC (1693153)] Destroy an engine.
[Info] [2024-03-18 10:49:16 UTC (1693153)] End a system manager.
[Info] [2024-03-18 10:49:16 UTC (1693153)] End systems.
[Info] [2024-03-18 10:49:16 UTC (1693153)] End 'PonyEngine::Input::InputSystem'.
[Info] [2024-03-18 10:49:16 UTC (1693153)] Unsubscribe to keyboard messages.
[Info] [2024-03-18 10:49:16 UTC (1693153)] Remove a keyboard message observer 'PonyEngine::Input::InputSystem'.
[Info] [2024-03-18 10:49:16 UTC (1693153)] 'PonyEngine::Input::InputSystem' ended.
[Info] [2024-03-18 10:49:16 UTC (1693153)] Systems ended.
[Info] [2024-03-18 10:49:16 UTC (1693153)] System manager ended.
[Info] [2024-03-18 10:49:16 UTC (1693153)] End a service manager.
[Info] [2024-03-18 10:49:16 UTC (1693153)] End services.
[Info] [2024-03-18 10:49:16 UTC (1693153)] Services ended.
[Info] [2024-03-18 10:49:16 UTC (1693153)] Service manager ended.
[Info] [2024-03-18 10:49:16 UTC (1693153)] Destroy a system manager.
[Info] [2024-03-18 10:49:16 UTC (1693153)] Destroy systems.
[Info] [2024-03-18 10:49:16 UTC (1693153)] Destroy 'PonyEngine::Input::InputSystem'.
[Info] [2024-03-18 10:49:16 UTC (1693153)] 'PonyEngine::Input::InputSystem' destroyed.
[Info] [2024-03-18 10:49:16 UTC (1693153)] Systems destroyed.
[Info] [2024-03-18 10:49:16 UTC (1693153)] System manager destroyed.
[Info] [2024-03-18 10:49:16 UTC (1693153)] Destroy a service manager.
[Info] [2024-03-18 10:49:16 UTC (1693153)] Destroy services.
[Info] [2024-03-18 10:49:16 UTC (1693153)] Services destroyed.
[Info] [2024-03-18 10:49:16 UTC (1693153)] Service manager destroyed.
[Info] [2024-03-18 10:49:16 UTC (1693153)] Destroy a window manager.
[Info] [2024-03-18 10:49:16 UTC (1693153)] Destroy a window.
[Info] [2024-03-18 10:49:16 UTC (1693153)] Destroy a window.
[Info] [2024-03-18 10:49:16 UTC (1693153)] Window destroyed.
[Info] [2024-03-18 10:49:16 UTC (1693153)] Window destroyed.
[Info] [2024-03-18 10:49:16 UTC (1693153)] Window manager destroyed.
[Info] [2024-03-18 10:49:16 UTC (1693153)] Destroy a logger manager.
